<?xml version="1.0" encoding="UTF-8"?>
<testng-results ignored="0" total="1" passed="1" failed="0" skipped="0">
  <reporter-output>
  </reporter-output>
  <suite started-at="2024-08-07T19:27:15 CEST" name="Default suite" finished-at="2024-08-07T19:27:29 CEST" duration-ms="13968">
    <groups>
    </groups>
    <test started-at="2024-08-07T19:27:15 CEST" name="Default test" finished-at="2024-08-07T19:27:29 CEST" duration-ms="13968">
      <class name="com.example.tests.CountryTest">
        <test-method is-config="true" signature="setUp()[pri:0, instance:com.example.tests.CountryTest@2925bf5b]" started-at="2024-08-07T19:27:15 CEST" name="setUp" finished-at="2024-08-07T19:27:21 CEST" duration-ms="5177" status="PASS">
          <reporter-output>
          </reporter-output>
        </test-method> <!-- setUp -->
        <test-method signature="test()[pri:0, instance:com.example.tests.CountryTest@2925bf5b]" started-at="2024-08-07T19:27:21 CEST" name="test" finished-at="2024-08-07T19:27:29 CEST" duration-ms="8391" status="PASS">
          <reporter-output>
          </reporter-output>
        </test-method> <!-- test -->
        <test-method is-config="true" signature="tearDown()[pri:0, instance:com.example.tests.CountryTest@2925bf5b]" started-at="2024-08-07T19:27:29 CEST" name="tearDown" finished-at="2024-08-07T19:27:29 CEST" duration-ms="284" status="PASS">
          <reporter-output>
          </reporter-output>
        </test-method> <!-- tearDown -->
      </class> <!-- com.example.tests.CountryTest -->
    </test> <!-- Default test -->
  </suite> <!-- Default suite -->
</testng-results>
